0 info it worked if it ends with ok
1 verbose cli [ '/Users/BillyCaballero/.nvm/versions/node/v6.1.0/bin/node',
1 verbose cli   '/Users/BillyCaballero/.nvm/versions/node/v6.1.0/bin/npm',
1 verbose cli   'start' ]
2 info using npm@3.8.6
3 info using node@v6.1.0
4 verbose run-script [ 'prestart', 'start', 'poststart' ]
5 info lifecycle geekapp@0.0.1~prestart: geekapp@0.0.1
6 silly lifecycle geekapp@0.0.1~prestart: no script for prestart, continuing
7 info lifecycle geekapp@0.0.1~start: geekapp@0.0.1
8 verbose lifecycle geekapp@0.0.1~start: unsafe-perm in lifecycle true
9 verbose lifecycle geekapp@0.0.1~start: PATH: /Users/BillyCaballero/.nvm/versions/node/v6.1.0/lib/node_modules/npm/bin/node-gyp-bin:/Users/BillyCaballero/Desktop/JavascriptPractica2/node_modules/.bin:/Users/BillyCaballero/.nvm/versions/node/v6.1.0/bin:/Users/BillyCaballero/.nvm/versions/node/v6.1.0/bin:/usr/local/mysql/bin:/usr/local/mysql/bin:/usr/local/bin:/usr/bin:/bin:/usr/sbin:/sbin:/Users/BillyCaballero/.rvm/bin
10 verbose lifecycle geekapp@0.0.1~start: CWD: /Users/BillyCaballero/Desktop/JavascriptPractica2
11 silly lifecycle geekapp@0.0.1~start: Args: [ '-c', 'node index.js' ]
12 silly lifecycle geekapp@0.0.1~start: Returned: code: 1  signal: null
13 info lifecycle geekapp@0.0.1~start: Failed to exec start script
14 verbose stack Error: geekapp@0.0.1 start: `node index.js`
14 verbose stack Exit status 1
14 verbose stack     at EventEmitter.<anonymous> (/Users/BillyCaballero/.nvm/versions/node/v6.1.0/lib/node_modules/npm/lib/utils/lifecycle.js:239:16)
14 verbose stack     at emitTwo (events.js:106:13)
14 verbose stack     at EventEmitter.emit (events.js:191:7)
14 verbose stack     at ChildProcess.<anonymous> (/Users/BillyCaballero/.nvm/versions/node/v6.1.0/lib/node_modules/npm/lib/utils/spawn.js:24:14)
14 verbose stack     at emitTwo (events.js:106:13)
14 verbose stack     at ChildProcess.emit (events.js:191:7)
14 verbose stack     at maybeClose (internal/child_process.js:850:16)
14 verbose stack     at Process.ChildProcess._handle.onexit (internal/child_process.js:215:5)
15 verbose pkgid geekapp@0.0.1
16 verbose cwd /Users/BillyCaballero/Desktop/JavascriptPractica2
17 error Darwin 15.2.0
18 error argv "/Users/BillyCaballero/.nvm/versions/node/v6.1.0/bin/node" "/Users/BillyCaballero/.nvm/versions/node/v6.1.0/bin/npm" "start"
19 error node v6.1.0
20 error npm  v3.8.6
21 error code ELIFECYCLE
22 error geekapp@0.0.1 start: `node index.js`
22 error Exit status 1
23 error Failed at the geekapp@0.0.1 start script 'node index.js'.
23 error Make sure you have the latest version of node.js and npm installed.
23 error If you do, this is most likely a problem with the geekapp package,
23 error not with npm itself.
23 error Tell the author that this fails on your system:
23 error     node index.js
23 error You can get information on how to open an issue for this project with:
23 error     npm bugs geekapp
23 error Or if that isn't available, you can get their info via:
23 error     npm owner ls geekapp
23 error There is likely additional logging output above.
24 verbose exit [ 1, true ]
